#
# There is insufficient memory for the Java Runtime Environment to continue.
# Native memory allocation (malloc) failed to allocate 32896 bytes for Chunk::new
# Possible reasons:
#   The system is out of physical RAM or swap space
#   The process is running with CompressedOops enabled, and the Java Heap may be blocking the growth of the native heap
# Possible solutions:
#   Reduce memory load on the system
#   Increase physical memory or swap space
#   Check if swap backing store is full
#   Decrease Java heap size (-Xmx/-Xms)
#   Decrease number of Java threads
#
#  
]Event: 2671.908 Thread 0x000000001a197000 nmethod 5508 0x00000000041ba910 code [0x00000000041baa60, 0x00000000041bab28]
Event: 2686.930 Thread 0x000000001a1a5800 5509   !   4       org.apache.tomcat.util.net.NioEndpoint$Poller::events (119 bytes)
Event: 2686.992 Thread 0x000000001a1a5800 nmethod 5509 0x0000000004310f50 code [0x0000000004311100, 0x0000000004311580]
Event: 2831.742 Thread 0x000000001a1ab000 5510       3       ch.qos.logback.classic.Logger::filterAndLog_0_Or3Plus (61 bytes)
Event: 2831.786 Thread 0x000000001a1ab000 nmethod 5510 0x000000000430fe50 code [0x0000000004310040, 0x0000000004310a18]
Event: 3041.050 Thread 0x000000001a1ab000 5511 %     3       com.netflix.eureka.util.batcher.TaskExecutors$BatchWorkerRunnable::getWork @ 8 (52 bytes)
Event: 3041.073 Thread 0x000000001a1ab000 nmethod 5511% 0x0000000004313810 code [0x0000000004313a20, 0x0000000004314588]
Event: 3092.090 Thread 0x000000001a1ab000 5512       3       com.netflix.eureka.util.batcher.TaskExecutors$BatchWorkerRunnable::getWork (52 bytes)
Event: 3092.092 Thread 0x000000001a1ab000 nmethod 5512 0x0000000004312650 code [0x0000000004312860, 0x0000000004313348]
Event: 3108.175 Thread 0x000000001a197000 5513       4       java.util.AbstractCollection::toArray (147 bytes)

GC Heap History (10 events):
Event: 4.252 GC heap before
{Heap before GC invocations=7 (full 1):
 PSYoungGen      total 71680K, used 71671K [0x00000000d5c00000, 0x00000000dd080000, 0x0000000100000000)
  eden space 66560K, 100% used [0x00000000d5c00000,0x00000000d9d00000,0x00000000d9d00000)
  from space 5120K, 99% used [0x00000000d9d00000,0x00000000da1fdf40,0x00000000da200000)
  to   space 9216K, 0% used [0x00000000dc780000,0x00000000dc780000,0x00000000dd080000)
 ParOldGen       total 60416K, used 9036K [0x0000000081400000, 0x0000000084f00000, 0x00000000d5c00000)
  object space 60416K, 14% used [0x0000000081400000,0x0000000081cd3380,0x0000000084f00000)
 Metaspace       used 28027K, capacity 29082K, committed 29312K, reserved 1075200K
  class space    used 3657K, capacity 3884K, committed 3968K, reserved 1048576K
Event: 4.260 GC heap after
Heap after GC invocations=7 (full 1):
 PSYoungGen      total 109056K, used 8930K [0x00000000d5c00000, 0x00000000dd180000, 0x0000000100000000)
  eden space 99840K, 0% used [0x00000000d5c00000,0x00000000d5c00000,0x00000000dbd80000)
  from space 9216K, 96% used [0x00000000dc780000,0x00000000dd038bc8,0x00000000dd080000)
  to   space 10240K, 0% used [0x00000000dbd80000,0x00000000dbd80000,0x00000000dc780000)
 ParOldGen       total 60416K, used 9044K [0x0000000081400000, 0x0000000084f00000, 0x00000000d5c00000)
  object space 60416K, 14% used [0x0000000081400000,0x0000000081cd5380,0x0000000084f00000)
 Metaspace       used 28027K, capacity 29082K, committed 29312K, reserved 1075200K
  class space    used 3657K, capacity 3884K, committed 3968K, reserved 1048576K
}
Event: 5.748 GC heap before
{Heap before GC invocations=8 (full 1):
 PSYoungGen      total 109056K, used 81685K [0x00000000d5c00000, 0x00000000dd180000, 0x0000000100000000)
  eden space 99840K, 72% used [0x00000000d5c00000,0x00000000da30cc10,0x00000000dbd80000)
  from space 9216K, 96% used [0x00000000dc780000,0x00000000dd038bc8,0x00000000dd080000)
  to   space 10240K, 0% used [0x00000000dbd80000,0x00000000dbd80000,0x00000000dc780000)
 ParOldGen       total 60416K, used 9044K [0x0000000081400000, 0x0000000084f00000, 0x00000000d5c00000)
  object space 60416K, 14% used [0x0000000081400000,0x0000000081cd5380,0x0000000084f00000)
 Metaspace       used 33806K, capacity 35422K, committed 35496K, reserved 1079296K
  class space    used 4461K, capacity 4764K, committed 4776K, reserved 1048576K
Event: 5.780 GC heap after
Heap after GC invocations=8 (full 1):
 PSYoungGen      total 110080K, used 10225K [0x00000000d5c00000, 0x00000000e0a00000, 0x0000000100000000)
  eden space 99840K, 0% used [0x00000000d5c00000,0x00000000d5c00000,0x00000000dbd80000)
  from space 10240K, 99% used [0x00000000dbd80000,0x00000000dc77c5d0,0x00000000dc780000)
  to   space 12288K, 0% used [0x00000000dfe00000,0x00000000dfe00000,0x00000000e0a00000)
 ParOldGen       total 60416K, used 10874K [0x0000000081400000, 0x0000000084f00000, 0x00000000d5c00000)
  object space 60416K, 17% used [0x0000000081400000,0x0000000081e9e820,0x0000000084f00000)
 Metaspace       used 33806K, capacity 35422K, committed 35496K, reserved 1079296K
  class space    used 4461K, capacity 4764K, committed 4776K, reserved 1048576K
}
Event: 5.780 GC heap before
{Heap before GC invocations=9 (full 2):
 PSYoungGen      total 110080K, used 10225K [0x00000000d5c00000, 0x00000000e0a00000, 0x0000000100000000)
  eden space 99840K, 0% used [0x00000000d5c00000,0x00000000d5c00000,0x00000000dbd80000)
  from space 10240K, 99% used [0x00000000dbd80000,0x00000000dc77c5d0,0x00000000dc780000)
  to   space 12288K, 0% used [0x00000000dfe00000,0x00000000dfe00000,0x00000000e0a00000)
 ParOldGen       total 60416K, used 10874K [0x0000000081400000, 0x0000000084f00000, 0x00000000d5c00000)
  object space 60416K, 17% used [0x0000000081400000,0x0000000081e9e820,0x0000000084f00000)
 Metaspace       used 33806K, capacity 35422K, committed 35496K, reserved 1079296K
  class space    used 4461K, capacity 4764K, committed 4776K, reserved 1048576K
Event: 5.863 GC heap after
Heap after GC invocations=9 (full 2):
 PSYoungGen      total 110080K, used 0K [0x00000000d5c00000, 0x00000000e0a00000, 0x0000000100000000)
  eden space 99840K, 0% used [0x00000000d5c00000,0x00000000d5c00000,0x00000000dbd80000)
  from space 10240K, 0% used [0x00000000dbd80000,0x00000000dbd80000,0x00000000dc780000)
  to   space 12288K, 0% used [0x00000000dfe00000,0x00000000dfe00000,0x00000000e0a00000)
 ParOldGen       total 95744K, used 15863K [0x0000000081400000, 0x0000000087180000, 0x00000000d5c00000)
  object space 95744K, 16% used [0x0000000081400000,0x000000008237dca0,0x0000000087180000)
 Metaspace       used 33806K, capacity 35422K, committed 35496K, reserved 1079296K
  class space    used 4461K, capacity 4764K, committed 4776K, reserved 1048576K
}
Event: 7.243 GC heap before
{Heap before GC invocations=10 (full 2):
 PSYoungGen      total 110080K, used 99840K [0x00000000d5c00000, 0x00000000e0a00000, 0x0000000100000000)
  eden space 99840K, 100% used [0x00000000d5c00000,0x00000000dbd80000,0x00000000dbd80000)
  from space 10240K, 0% used [0x00000000dbd80000,0x00000000dbd80000,0x00000000dc780000)
  to   space 12288K, 0% used [0x00000000dfe00000,0x00000000dfe00000,0x00000000e0a00000)
 ParOldGen       total 95744K, used 15863K [0x0000000081400000, 0x0000000087180000, 0x00000000d5c00000)
  object space 95744K, 16% used [0x0000000081400000,0x000000008237dca0,0x0000000087180000)
 Metaspace       used 38947K, capacity 40860K, committed 41256K, reserved 1085440K
  class space    used 5230K, capacity 5603K, committed 5672K, reserved 1048576K
Event: 7.258 GC heap after
Heap after GC invocations=10 (full 2):
 PSYoungGen      total 152064K, used 8741K [0x00000000d5c00000, 0x00000000e0700000, 0x0000000100000000)
  eden space 142848K, 0% used [0x00000000d5c00000,0x00000000d5c00000,0x00000000de780000)
  from space 9216K, 94% used [0x00000000dfe00000,0x00000000e0689500,0x00000000e0700000)
  to   space 12288K, 0% used [0x00000000def00000,0x00000000def00000,0x00000000dfb00000)
 ParOldGen       total 95744K, used 15871K [0x0000000081400000, 0x0000000087180000, 0x00000000d5c00000)
  object space 95744K, 16% used [0x0000000081400000,0x000000008237fca0,0x0000000087180000)
 Metaspace       used 38947K, capacity 40860K, committed 41256K, reserved 1085440K
  class space    used 5230K, capacity 5603K, committed 5672K, reserved 1048576K
}
Event: 10.112 GC heap before
{Heap before GC invocations=11 (full 2):
 PSYoungGen      total 152064K, used 151589K [0x00000000d5c00000, 0x00000000e0700000, 0x0000000100000000)
  eden space 142848K, 100% used [0x00000000d5c00000,0x00000000de780000,0x00000000de780000)
  from space 9216K, 94% used [0x00000000dfe00000,0x00000000e0689500,0x00000000e0700000)
  to   space 12288K, 0% used [0x00000000def00000,0x00000000def00000,0x00000000dfb00000)
 ParOldGen       total 95744K, used 15871K [0x0000000081400000, 0x0000000087180000, 0x00000000d5c00000)
  object space 95744K, 16% used [0x0000000081400000,0x000000008237fca0,0x0000000087180000)
 Metaspace       used 49212K, capacity 51578K, committed 51752K, reserved 1093632K
  class space    used 6760K, capacity 7186K, committed 7208K, reserved 1048576K
Event: 10.137 GC heap after
Heap after GC invocations=11 (full 2):
 PSYoungGen      total 162816K, used 12271K [0x00000000d5c00000, 0x00000000e2800000, 0x0000000100000000)
  eden space 150528K, 0% used [0x00000000d5c00000,0x00000000d5c00000,0x00000000def00000)
  from space 12288K, 99% used [0x00000000def00000,0x00000000dfafbce0,0x00000000dfb00000)
  to   space 15360K, 0% used [0x00000000e1900000,0x00000000e1900000,0x00000000e2800000)
 ParOldGen       total 95744K, used 20396K [0x0000000081400000, 0x0000000087180000, 0x00000000d5c00000)
  object space 95744K, 21% used [0x0000000081400000,0x00000000827eb160,0x0000000087180000)
 Metaspace       used 49212K, capacity 51578K, committed 51752K, reserved 1093632K
  class space    used 6760K, capacity 7186K, committed 7208K, reserved 1048576K
}

Deoptimization events (10 events):
Event: 43.406 Thread 0x0000000021f21800 Uncommon trap: reason=bimorphic action=maybe_recompile pc=0x000000000379cfbc method=java.util.regex.Pattern$CharProperty$1.isSatisfiedBy(I)Z @ 5
Event: 43.406 Thread 0x0000000021f1e000 Uncommon trap: reason=unstable_if action=reinterpret pc=0x000000000379cf14 method=java.util.regex.Pattern$7.isSatisfiedBy(I)Z @ 19
Event: 43.406 Thread 0x0000000021f21800 Uncommon trap: reason=unstable_if action=reinterpret pc=0x000000000379cf14 method=java.util.regex.Pattern$7.isSatisfiedBy(I)Z @ 19
Event: 43.440 Thread 0x0000000021f21800 Uncommon trap: reason=class_check action=maybe_recompile pc=0x0000000003fdbb48 method=java.util.concurrent.locks.AbstractQueuedSynchronizer.acquireQueued(Ljava/util/concurrent/locks/AbstractQueuedSynchronizer$Node;I)Z @ 22
Event: 43.535 Thread 0x0000000021f1e800 Uncommon trap: reason=unstable_if action=reinterpret pc=0x0000000003de6e00 method=java.nio.Buffer.limit(I)Ljava/nio/Buffer; @ 33
Event: 43.560 Thread 0x0000000021f1e800 Uncommon trap: reason=bimorphic action=maybe_recompile pc=0x000000000386ce6c method=java.util.concurrent.ConcurrentHashMap.putVal(Ljava/lang/Object;Ljava/lang/Object;Z)Ljava/lang/Object; @ 192
Event: 43.560 Thread 0x0000000021f1e800 Uncommon trap: reason=bimorphic action=maybe_recompile pc=0x000000000386ce6c method=java.util.concurrent.ConcurrentHashMap.putVal(Ljava/lang/Object;Ljava/lang/Object;Z)Ljava/lang/Object; @ 192
Event: 43.571 Thread 0x0000000021f1e800 Uncommon trap: reason=bimorphic action=maybe_recompile pc=0x000000000386ce6c method=java.util.concurrent.ConcurrentHashMap.putVal(Ljava/lang/Object;Ljava/lang/Object;Z)Ljava/lang/Object; @ 192
Event: 174.454 Thread 0x000000001c0ba800 Uncommon trap: reason=class_check action=maybe_recompile pc=0x0000000003faeed8 method=java.net.URLStreamHandler.equals(Ljava/net/URL;Ljava/net/URL;)Z @ 33
Event: 174.454 Thread 0x000000001c0ba800 Uncommon trap: reason=unstable_if action=reinterpret pc=0x00000000038e8b0c method=java.net.URLStreamHandler.sameFile(Ljava/net/URL;Ljava/net/URL;)Z @ 8

Classes redefined (0 events):
No events

Internal exceptions (10 events):
Event: 42.817 Thread 0x000000001c0ba000 Exception <a 'java/lang/ClassNotFoundException': com/netflix/eureka/registry/AbstractInstanceRegistryCustomizer> (0x00000000d93ac420) thrown at [C:\ade\jenkins\workspace\8-2-build-windows-amd64-cygwin\jdk8u241\331\hotspot\src\share\vm\classfile\systemDict
Event: 42.822 Thread 0x000000001c0ba000 Exception <a 'java/lang/ClassNotFoundException': com/netflix/eureka/registry/PeerAwareInstanceRegistryImplCustomizer> (0x00000000d93ff140) thrown at [C:\ade\jenkins\workspace\8-2-build-windows-amd64-cygwin\jdk8u241\331\hotspot\src\share\vm\classfile\syste
Event: 42.826 Thread 0x000000001c0ba000 Exception <a 'java/lang/ClassNotFoundException': org/springframework/cloud/netflix/eureka/server/InstanceRegistryCustomizer> (0x00000000d9443568) thrown at [C:\ade\jenkins\workspace\8-2-build-windows-amd64-cygwin\jdk8u241\331\hotspot\src\share\vm\classfil
Event: 42.844 Thread 0x000000001c0ba000 Exception <a 'java/lang/ClassNotFoundException': java/util/LinkedHashMap$EntryBeanInfo> (0x00000000d94d8750) thrown at [C:\ade\jenkins\workspace\8-2-build-windows-amd64-cygwin\jdk8u241\331\hotspot\src\share\vm\classfile\systemDictionary.cpp, line 210]
Event: 42.845 Thread 0x000000001c0ba000 Exception <a 'java/lang/ClassNotFoundException': java/util/HashMap$NodeBeanInfo> (0x00000000d94e5af8) thrown at [C:\ade\jenkins\workspace\8-2-build-windows-amd64-cygwin\jdk8u241\331\hotspot\src\share\vm\classfile\systemDictionary.cpp, line 210]
Event: 42.846 Thread 0x000000001c0ba000 Exception <a 'java/lang/ClassNotFoundException': java/util/HashMap$NodeCustomizer> (0x00000000d94f36d8) thrown at [C:\ade\jenkins\workspace\8-2-build-windows-amd64-cygwin\jdk8u241\331\hotspot\src\share\vm\classfile\systemDictionary.cpp, line 210]
Event: 42.849 Thread 0x000000001c0ba000 Exception <a 'java/lang/ClassNotFoundException': java/util/LinkedHashMap$EntryCustomizer> (0x00000000d950bff0) thrown at [C:\ade\jenkins\workspace\8-2-build-windows-amd64-cygwin\jdk8u241\331\hotspot\src\share\vm\classfile\systemDictionary.cpp, line 210]
Event: 42.852 Thread 0x000000001c0ba000 Exception <a 'java/lang/ClassNotFoundException': com/netflix/eureka/util/StatusInfoBeanInfo> (0x00000000d952e610) thrown at [C:\ade\jenkins\workspace\8-2-build-windows-amd64-cygwin\jdk8u241\331\hotspot\src\share\vm\classfile\systemDictionary.cpp, line 210
Event: 42.853 Thread 0x000000001c0ba000 Exception <a 'java/lang/ClassNotFoundException': com/netflix/eureka/util/StatusInfoCustomizer> (0x00000000d954c4a0) thrown at [C:\ade\jenkins\workspace\8-2-build-windows-amd64-cygwin\jdk8u241\331\hotspot\src\share\vm\classfile\systemDictionary.cpp, line 2
Event: 42.868 Thread 0x000000001c0ba000 Exception <a 'java/lang/NoSuchMethodError': java.lang.Object.lambda$builder$1(Ljava/lang/String;)Lio/micrometer/core/instrument/Timer$Builder;> (0x00000000d958cbb8) thrown at [C:\ade\jenkins\workspace\8-2-build-windows-amd64-cygwin\jdk8u241\331\hotspot\sr

Events (10 events):
Event: 521.003 Thread 0x000000001c0bd800 DEOPT PACKING pc=0x0000000003472641 sp=0x000000002630f0c0
Event: 521.003 Thread 0x000000001c0bd800 DEOPT UNPACKING pc=0x00000000032f7890 sp=0x000000002630ee10 mode 0
Event: 527.862 Thread 0x000000001a1ab000 flushing nmethod 0x0000000004007690
Event: 527.862 Thread 0x000000001a1ab000 flushing nmethod 0x0000000004010350
Event: 527.862 Thread 0x000000001a1ab000 flushing nmethod 0x0000000004011750
Event: 527.862 Thread 0x000000001a1ab000 flushing nmethod 0x0000000004015590
Event: 527.862 Thread 0x000000001a1ab000 flushing nmethod 0x0000000004017710
Event: 527.862 Thread 0x000000001a1ab000 flushing nmethod 0x000000000403b790
Event: 553.138 Thread 0x000000001fa9e800 DEOPT PACKING pc=0x0000000003472641 sp=0x000000002413f670
Event: 553.139 Thread 0x000000001fa9e800 DEOPT UNPACKING pc=0x00000000032f7890 sp=0x000000002413f3c0 mode 0


Dynamic libraries:
0x00007ff66fc60000 - 0x00007ff66fc97000 	C:\Program Files\Java\jre1.8.0_241\bin\javaw.exe
0x00007ffe3a800000 - 0x00007ffe3a9f0000 	C:\WINDOWS\SYSTEM32\ntdll.dll
0x00007ffe38bc0000 - 0x00007ffe38c72000 	C:\WINDOWS\System32\KERNEL32.DLL
0x00007ffe37790000 - 0x00007ffe37a33000 	C:\WINDOWS\System32\KERNELBASE.dll
0x00007ffe3a520000 - 0x00007ffe3a5c3000 	C:\WINDOWS\System32\ADVAPI32.dll
0x00007ffe39c60000 - 0x00007ffe39cfe000 	C:\WINDOWS\System32\msvcrt.dll
0x00007ffe38c80000 - 0x00007ffe38d17000 	C:\WINDOWS\System32\sechost.dll
0x00007ffe39a00000 - 0x00007ffe39b20000 	C:\WINDOWS\System32\RPCRT4.dll
0x00007ffe39340000 - 0x00007ffe394d4000 	C:\WINDOWS\System32\USER32.dll
0x00007ffe38880000 - 0x00007ffe388a1000 	C:\WINDOWS\System32\win32u.dll
0x00007ffe38b10000 - 0x00007ffe38b36000 	C:\WINDOWS\System32\GDI32.dll
0x00007ffe38460000 - 0x00007ffe385f4000 	C:\WINDOWS\System32\gdi32full.dll
0x00007ffe387b0000 - 0x00007ffe3884e000 	C:\WINDOWS\System32\msvcp_win.dll
0x00007ffe386b0000 - 0x00007ffe387aa000 	C:\WINDOWS\System32\ucrtbase.dll
0x00007ffe262e0000 - 0x00007ffe26565000 	C:\WINDOWS\WinSxS\amd64_microsoft.windows.common-controls_6595b64144ccf1df_6.0.18362.778_none_e6c6b761130d4fb8\COMCTL32.dll
0x00007ffe394e0000 - 0x00007ffe39816000 	C:\WINDOWS\System32\combase.dll
0x00007ffe38330000 - 0x00007ffe383b0000 	C:\WINDOWS\System32\bcryptPrimitives.dll
0x00007ffe3a480000 - 0x00007ffe3a4ae000 	C:\WINDOWS\System32\IMM32.DLL
0x0000000056150000 - 0x0000000056222000 	C:\Program Files\Java\jre1.8.0_241\bin\msvcr100.dll
0x0000000056230000 - 0x0000000056adc000 	C:\Program Files\Java\jre1.8.0_241\bin\server\jvm.dll
0x00007ffe39990000 - 0x00007ffe39998000 	C:\WINDOWS\System32\PSAPI.DLL
0x00007ffe34f00000 - 0x00007ffe34f24000 	C:\WINDOWS\SYSTEM32\WINMM.dll
0x00007ffe33290000 - 0x00007ffe3329a000 	C:\WINDOWS\SYSTEM32\VERSION.dll
0x00007ffe34ed0000 - 0x00007ffe34efd000 	C:\WINDOWS\SYSTEM32\WINMMBASE.dll
0x00007ffe383b0000 - 0x00007ffe383fa000 	C:\WINDOWS\System32\cfgmgr32.dll
0x00007ffe179d0000 - 0x00007ffe179d9000 	C:\WINDOWS\SYSTEM32\WSOCK32.dll
0x00007ffe39d00000 - 0x00007ffe39d6f000 	C:\WINDOWS\System32\WS2_32.dll
0x00007ffe179c0000 - 0x00007ffe179cf000 	C:\Program Files\Java\jre1.8.0_241\bin\verify.dll
0x00007ffe03540000 - 0x00007ffe03569000 	C:\Program Files\Java\jre1.8.0_241\bin\java.dll
0x00007ffe03520000 - 0x00007ffe03536000 	C:\Program Files\Java\jre1.8.0_241\bin\zip.dll
0x00007ffe39d70000 - 0x00007ffe3a455000 	C:\WINDOWS\System32\SHELL32.dll
0x00007ffe38a60000 - 0x00007ffe38b09000 	C:\WINDOWS\System32\shcore.dll
0x00007ffe37bb0000 - 0x00007ffe38330000 	C:\WINDOWS\System32\windows.storage.dll
0x00007ffe37760000 - 0x00007ffe37783000 	C:\WINDOWS\System32\profapi.dll
0x00007ffe376f0000 - 0x00007ffe3773a000 	C:\WINDOWS\System32\powrprof.dll
0x00007ffe376c0000 - 0x00007ffe376d0000 	C:\WINDOWS\System32\UMPDC.dll
0x00007ffe399a0000 - 0x00007ffe399f2000 	C:\WINDOWS\System32\shlwapi.dll
0x00007ffe37740000 - 0x00007ffe37751000 	C:\WINDOWS\System32\kernel.appcore.dll
0x00007ffe37b90000 - 0x00007ffe37ba7000 	C:\WINDOWS\System32\cryptsp.dll
0x00007ffe034d0000 - 0x00007ffe034ea000 	C:\Program Files\Java\jre1.8.0_241\bin\net.dll
0x00007ffe36f30000 - 0x00007ffe36f97000 	C:\WINDOWS\system32\mswsock.dll
0x00007ffe36c40000 - 0x00007ffe36c7a000 	C:\WINDOWS\SYSTEM32\IPHLPAPI.DLL
0x00007ffe39980000 - 0x00007ffe39988000 	C:\WINDOWS\System32\NSI.dll
0x00007ffe30030000 - 0x00007ffe30046000 	C:\WINDOWS\SYSTEM32\dhcpcsvc6.DLL
0x00007ffe319f0000 - 0x00007ffe31a0c000 	C:\WINDOWS\SYSTEM32\dhcpcsvc.DLL
0x00007ffe36c80000 - 0x00007ffe36d4a000 	C:\WINDOWS\SYSTEM32\DNSAPI.dll
0x00007ffe27090000 - 0x00007ffe2709a000 	C:\Windows\System32\rasadhlp.dll
0x00007ffe2fe20000 - 0x00007ffe2fe97000 	C:\WINDOWS\System32\fwpuclnt.dll
0x00007ffe38850000 - 0x00007ffe38876000 	C:\WINDOWS\System32\bcrypt.dll
0x00007ffe34840000 - 0x00007ffe3484d000 	C:\Program Files\Java\jre1.8.0_241\bin\management.dll
0x00007ffe333b0000 - 0x00007ffe333c6000 	C:\WINDOWS\system32\napinsp.dll
0x00007ffe332f0000 - 0x00007ffe3330a000 	C:\WINDOWS\system32\pnrpnsp.dll
0x00007ffdebe30000 - 0x00007ffdebe3e000 	C:\WINDOWS\System32\winrnr.dll
0x00007ffe35030000 - 0x00007ffe3504c000 	C:\WINDOWS\system32\NLAapi.dll
0x00007ffe10540000 - 0x00007ffe10555000 	C:\WINDOWS\system32\wshbth.dll
0x00007ffe034b0000 - 0x00007ffe034c2000 	C:\Program Files\Java\jre1.8.0_241\bin\nio.dll
0x00007ffe36aa0000 - 0x00007ffe36ad3000 	C:\WINDOWS\system32\rsaenh.dll
0x00007ffe375e0000 - 0x00007ffe37605000 	C:\WINDOWS\SYSTEM32\USERENV.dll
0x00007ffe37100000 - 0x00007ffe3710c000 	C:\WINDOWS\SYSTEM32\CRYPTBASE.dll
0x00007ffdeb230000 - 0x00007ffdeb254000 	C:\Program Files\Java\jre1.8.0_241\bin\sunec.dll

VM Arguments:
jvm_args: -Dfile.encoding=Cp1252 
java_command: com.cg.anurag.es.EurekaServerApplication
java_class_path (initial): C:\Users\Admin\Desktop\labbook\EurekaServer\target\classes;C:\Users\Admin\.m2\repository\org\springframework\boot\spring-boot-starter-actuator\2.2.6.RELEASE\spring-boot-starter-actuator-2.2.6.RELEASE.jar;C:\Users\Admin\.m2\repository\org\springframework\boot\spring-boot-starter\2.2.6.RELEASE\spring-boot-starter-2.2.6.RELEASE.jar;C:\Users\Admin\.m2\repository\org\springframework\boot\spring-boot\2.2.6.RELEASE\spring-boot-2.2.6.RELEASE.jar;C:\Users\Admin\.m2\repository\org\springframework\boot\spring-boot-autoconfigure\2.2.6.RELEASE\spring-boot-autoconfigure-2.2.6.RELEASE.jar;C:\Users\Admin\.m2\repository\org\springframework\boot\spring-boot-starter-logging\2.2.6.RELEASE\spring-boot-starter-logging-2.2.6.RELEASE.jar;C:\Users\Admin\.m2\repository\ch\qos\logback\logback-classic\1.2.3\logback-classic-1.2.3.jar;C:\Users\Admin\.m2\repository\ch\qos\logback\logback-core\1.2.3\logback-core-1.2.3.jar;C:\Users\Admin\.m2\repository\org\apache\logging\log4j\log4j-to-slf4j\2.12.1\log4j-to-slf4j-2.12.1.jar;C:\Users\Admin\.m2\repository\org\apache\logging\log4j\log4j-api\2.12.1\log4j-api-2.12.1.jar;C:\Users\Admin\.m2\repository\org\slf4j\jul-to-slf4j\1.7.30\jul-to-slf4j-1.7.30.jar;C:\Users\Admin\.m2\repository\jakarta\annotation\jakarta.annotation-api\1.3.5\jakarta.annotation-api-1.3.5.jar;C:\Users\Admin\.m2\repository\org\yaml\snakeyaml\1.25\snakeyaml-1.25.jar;C:\Users\Admin\.m2\repository\org\springframework\boot\spring-boot-actuator-autoconfigure\2.2.6.RELEASE\spring-boot-actuator-autoconfigure-2.2.6.RELEASE.jar;C:\Users\Admin\.m2\repository\org\springframework\boot\spring-boot-actuator\2.2.6.RELEASE\spring-boot-actuator-2.2.6.RELEASE.jar;C:\Users\Admin\.m2\repository\com\fasterxml\jackson\core\jackson-databind\2.10.3\jackson-databind-2.10.3.jar;C:\Users\Admin\.m2\repository\com\fasterxml\jackson\core\jackson-annotations\2.10.3\jackson-annotations-2.10.3.jar;C:\Users\Admin\.m2\repository\com\fasterxml\jackson\core\jackson-core\2.10.3\jackson-core-2.1
Launcher Type: SUN_STANDARD

Environment Variables:
JAVA_HOME=C:\Program Files\Java\jdk1.8.0_241
PATH=C:/Program Files/Java/jre1.8.0_241/bin/server;C:/Program Files/Java/jre1.8.0_241/bin;C:/Program Files/Java/jre1.8.0_241/lib/amd64;C:\oraclexe\app\oracle\product\11.2.0\server\bin;C:\Program Files (x86)\Common Files\Oracle\Java\javapath;C:\WINDOWS\system32;C:\WINDOWS;C:\WINDOWS\System32\Wbem;C:\WINDOWS\System32\WindowsPowerShell\v1.0\;C:\WINDOWS\System32\OpenSSH\;E:\Software\apache-maven-3.6.3\bin;C:\Program Files\nodejs\;C:\Program Files\Git\cmd;C:\Program Files\Java\jdk1.8.0_241\bin;C:\Users\Admin\AppData\Local\Microsoft\WindowsApps;C:\Users\Admin\AppData\Roaming\npm;E:\Software\sts-bundle\sts-3.9.9.RELEASE;
USERNAME=Admin
OS=Windows_NT
PROCESSOR_IDENTIFIER=Intel64 Family 6 Model 142 Stepping 10, GenuineIntel



---------------  S Y S T E M  ---------------

OS: Windows 10.0 , 64 bit Build 18362 (10.0.18362.778)

CPU:total 8 (initial active 8) (4 cores per cpu, 2 threads per core) family 6 model 142 stepping 10, cmov, cx8, fxsr, mmx, sse, sse2, sse3, ssse3, sse4.1, sse4.2, popcnt, avx, avx2, aes, clmul, erms, 3dnowpref, lzcnt, ht, tsc, tscinvbit, bmi1, bmi2, adx

Memory: 4k page, physical 8301584k(314428k free), swap 22813816k(0k free)

vm_info: Java HotSpot(TM) 64-Bit Server VM (25.241-b07) for windows-amd64 JRE (1.8.0_241-b07), built on Dec 11 2019 10:21:40 by "rejava" with MS VC++ 10.0 (VS2010)

time: Tue May 12 15:06:37 2020
timezone: India Standard Time
elapsed time: 3108 seconds (0d 0h 51m 48s)

